<?xml version="1.0" encoding="UTF-8"?>
<!-- Generated by org.testng.reporters.JUnitReportReporter -->
<testsuite hostname="SUBHA-DAS" failures="0" tests="1" name="testcase.VerifyAllDetailsOfMatch" time="3.942" errors="0" timestamp="2022-08-31T00:17:21 IST" skipped="0">
  <testcase classname="testcase.VerifyAllDetailsOfMatch" name="verifyTheDetailsOfChart" time="3.942"/>
  <system-out>
    <![CDATA[Team Name ->GT
 Pld->14
 Won->10
 Lost->4
 Tied->0
 N/R->0
 NetRR->0.316
 For->2339/278.1
 Against->2216/273.5
 Pts->20
L 
W 
W 
L 
L 
Total Win->2  Total Lost->3
///
Team Name ->RR
 Pld->14
 Won->9
 Lost->5
 Tied->0
 N/R->0
 NetRR->0.298
 For->2464/279.2
 Against->2351/275.5
 Pts->18
W 
W 
L 
W 
L 
Total Win->3  Total Lost->2
///
Team Name ->LSG
 Pld->14
 Won->9
 Lost->5
 Tied->0
 N/R->0
 NetRR->0.251
 For->2355/279.1
 Against->2289/279.4
 Pts->18
W 
L 
L 
W 
W 
Total Win->3  Total Lost->2
///
Team Name ->RCB
 Pld->14
 Won->8
 Lost->6
 Tied->0
 N/R->0
 NetRR->-0.253
 For->2268/275.4
 Against->2260/266.3
 Pts->16
W 
L 
W 
W 
L 
Total Win->3  Total Lost->2
///
Team Name ->DC
 Pld->14
 Won->7
 Lost->7
 Tied->0
 N/R->0
 NetRR->0.204
 For->2341/266.0
 Against->2397/278.5
 Pts->14
L 
W 
W 
L 
W 
Total Win->3  Total Lost->2
///
Team Name ->PBKS
 Pld->14
 Won->7
 Lost->7
 Tied->0
 N/R->0
 NetRR->0.126
 For->2343/270.1
 Against->2252/263.3
 Pts->14
W 
L 
W 
L 
W 
Total Win->3  Total Lost->2
///
Team Name ->KKR
 Pld->14
 Won->6
 Lost->8
 Tied->0
 N/R->0
 NetRR->0.146
 For->2223/268.1
 Against->2249/276.1
 Pts->12
L 
W 
W 
L 
W 
Total Win->3  Total Lost->2
///
Team Name ->SRH
 Pld->14
 Won->6
 Lost->8
 Tied->0
 N/R->0
 NetRR->-0.379
 For->2197/261.3
 Against->2416/275.1
 Pts->12
L 
W 
L 
L 
L 
Total Win->1  Total Lost->4
///
Team Name ->CSK
 Pld->14
 Won->4
 Lost->10
 Tied->0
 N/R->0
 NetRR->-0.203
 For->2288/280.0
 Against->2254/269.1
 Pts->8
L 
L 
L 
W 
L 
Total Win->1  Total Lost->4
///
Team Name ->MI
 Pld->14
 Won->4
 Lost->10
 Tied->0
 N/R->0
 NetRR->-0.506
 For->2217/273.2
 Against->2351/272.5
 Pts->8
W 
L 
W 
L 
W 
Total Win->3  Total Lost->2
///]]>
  </system-out>
</testsuite> <!-- testcase.VerifyAllDetailsOfMatch -->
