<?xml version="1.0" encoding="UTF-8"?>
<!-- Generated by org.testng.reporters.JUnitReportReporter -->
<testsuite hostname="SUBHA-DAS" failures="0" tests="1" name="testcase.VerifyConsecutiveLosses" time="1.627" errors="0" timestamp="2022-08-31T01:10:41 IST" skipped="0">
  <testcase classname="testcase.VerifyConsecutiveLosses" name="verifyConsecutive" time="1.627"/>
  <system-out>
    <![CDATA[Two Consecutive losses: GT 
Two Consecutive losses: LSG 
Two Consecutive losses: SRH 
Two Consecutive losses: CSK ]]>
  </system-out>
</testsuite> <!-- testcase.VerifyConsecutiveLosses -->
