<?xml version="1.0" encoding="UTF-8"?>
<!-- Generated by org.testng.reporters.JUnitReportReporter -->
<testsuite hostname="SUBHA-DAS" failures="0" tests="1" name="testcase.VerifyAveragePoints" time="1.783" errors="0" timestamp="2022-08-31T02:05:14 IST" skipped="0">
  <testcase classname="testcase.VerifyAveragePoints" name="verifyAveragePointsofConsecutive" time="1.783"/>
  <system-out/>
</testsuite> <!-- testcase.VerifyAveragePoints -->
