<?xml version="1.0" encoding="UTF-8"?>
<!-- Generated by org.testng.reporters.JUnitReportReporter -->
<testsuite hostname="SUBHA-DAS" failures="0" tests="1" name="testcase.VerifyGeneralizationConsecutive" time="1.488" errors="0" timestamp="2022-08-31T01:26:36 IST" skipped="0">
  <testcase classname="testcase.VerifyGeneralizationConsecutive" name="verifyGeneralizationConsecutive" time="1.488"/>
  <system-out>
    <![CDATA[ Consecutive losses: GT 
 Consecutive win: GT 
 Consecutive win: RR 
 Consecutive losses: LSG 
 Consecutive win: LSG 
 Consecutive win: RCB 
 Consecutive win: DC 
 Consecutive win: KKR 
 Consecutive losses: SRH 
 Consecutive losses: CSK ]]>
  </system-out>
</testsuite> <!-- testcase.VerifyGeneralizationConsecutive -->
